2018-03-27 15:21:29,627 INFO     tianhuijie 添加URL：http://vchart.yinyuetai.com/vchart/trends?area=ML&page=1 到URLS

2018-03-27 15:21:29,627 INFO     tianhuijie 添加URL：http://vchart.yinyuetai.com/vchart/trends?area=ML&page=2 到URLS

2018-03-27 15:21:29,627 INFO     tianhuijie 添加URL：http://vchart.yinyuetai.com/vchart/trends?area=ML&page=3 到URLS

2018-03-27 15:21:30,986 INFO     tianhuijie Python 返回URL:http://vchart.yinyuetai.com/vchart/trends?area=ML&page=1 数据成功

2018-03-27 15:21:31,127 INFO     tianhuijie 添加mvName为<<>因为遇见你2018版 电影《遇见你真好》片尾曲>的数据成功

2018-03-27 15:21:31,127 INFO     tianhuijie 添加mvName为<<>橙色天空 官方版>的数据成功

2018-03-27 15:21:31,190 INFO     tianhuijie 添加mvName为<<>屋顶着火 舞蹈版>的数据成功

2018-03-27 15:21:31,204 INFO     tianhuijie 添加mvName为<<>将军令 官方版>的数据成功

2018-03-27 15:21:31,220 INFO     tianhuijie 添加mvName为<<>千金小姐 官方版>的数据成功

2018-03-27 15:21:31,220 INFO     tianhuijie 添加mvName为<<>如歌 电视剧《烈火如歌》主题曲>的数据成功

2018-03-27 15:21:31,236 INFO     tianhuijie 添加mvName为<<>听雪 电视剧《烈火如歌》主题曲>的数据成功

2018-03-27 15:21:31,236 INFO     tianhuijie 添加mvName为<<>不染 电视剧《香蜜沉沉烬如霜》主题曲>的数据成功

2018-03-27 15:21:31,236 INFO     tianhuijie 添加mvName为<<>我得先走 官方版>的数据成功

2018-03-27 15:21:31,252 INFO     tianhuijie 添加mvName为<<>和你在一起 电影《奇葩朵朵》推广曲>的数据成功

2018-03-27 15:21:31,252 INFO     tianhuijie 添加mvName为<<>一笑荒唐 电视剧《烈火如歌》主题曲>的数据成功

2018-03-27 15:21:31,252 INFO     tianhuijie 添加mvName为<<>Live Your Life 官方版>的数据成功

2018-03-27 15:21:31,252 INFO     tianhuijie 添加mvName为<<>漂亮重要吗 电影《祖宗十九代》主题曲>的数据成功

2018-03-27 15:21:31,252 INFO     tianhuijie 添加mvName为<<>摇滚唐人街 电影《唐人街探案2》推广曲>的数据成功

2018-03-27 15:21:31,267 INFO     tianhuijie 添加mvName为<<>BIG SHOW 官方版>的数据成功

2018-03-27 15:21:31,267 INFO     tianhuijie 添加mvName为<<>少年志 电视剧《三国机密之潜龙在渊》片尾曲>的数据成功

2018-03-27 15:21:31,267 INFO     tianhuijie 添加mvName为<<>漩涡 官方版>的数据成功

2018-03-27 15:21:31,267 INFO     tianhuijie 添加mvName为<<>喜欢 官方版>的数据成功

2018-03-27 15:21:31,267 INFO     tianhuijie 添加mvName为<<>Life’s a Struggle 官方版>的数据成功

2018-03-27 15:21:31,267 INFO     tianhuijie 添加mvName为<<>郭源潮 官方版>的数据成功

2018-03-27 15:21:57,413 INFO     tianhuijie 添加URL：http://vchart.yinyuetai.com/vchart/trends?area=ML&page=1 到URLS

2018-03-27 15:21:57,413 INFO     tianhuijie 添加URL：http://vchart.yinyuetai.com/vchart/trends?area=ML&page=2 到URLS

2018-03-27 15:21:57,413 INFO     tianhuijie 添加URL：http://vchart.yinyuetai.com/vchart/trends?area=ML&page=3 到URLS

2018-03-27 15:21:58,881 INFO     tianhuijie Python 返回URL:http://vchart.yinyuetai.com/vchart/trends?area=ML&page=1 数据成功

2018-03-27 15:21:59,678 INFO     tianhuijie 添加mvName为<<>因为遇见你2018版 电影《遇见你真好》片尾曲>的数据成功

2018-03-27 15:21:59,694 INFO     tianhuijie 添加mvName为<<>橙色天空 官方版>的数据成功

2018-03-27 15:21:59,694 INFO     tianhuijie 添加mvName为<<>屋顶着火 舞蹈版>的数据成功

2018-03-27 15:21:59,694 INFO     tianhuijie 添加mvName为<<>将军令 官方版>的数据成功

2018-03-27 15:21:59,694 INFO     tianhuijie 添加mvName为<<>千金小姐 官方版>的数据成功

2018-03-27 15:21:59,694 INFO     tianhuijie 添加mvName为<<>如歌 电视剧《烈火如歌》主题曲>的数据成功

2018-03-27 15:21:59,694 INFO     tianhuijie 添加mvName为<<>听雪 电视剧《烈火如歌》主题曲>的数据成功

2018-03-27 15:21:59,694 INFO     tianhuijie 添加mvName为<<>不染 电视剧《香蜜沉沉烬如霜》主题曲>的数据成功

2018-03-27 15:21:59,694 INFO     tianhuijie 添加mvName为<<>我得先走 官方版>的数据成功

2018-03-27 15:21:59,694 INFO     tianhuijie 添加mvName为<<>和你在一起 电影《奇葩朵朵》推广曲>的数据成功

2018-03-27 15:21:59,710 INFO     tianhuijie 添加mvName为<<>一笑荒唐 电视剧《烈火如歌》主题曲>的数据成功

2018-03-27 15:21:59,710 INFO     tianhuijie 添加mvName为<<>Live Your Life 官方版>的数据成功

2018-03-27 15:21:59,710 INFO     tianhuijie 添加mvName为<<>漂亮重要吗 电影《祖宗十九代》主题曲>的数据成功

2018-03-27 15:21:59,710 INFO     tianhuijie 添加mvName为<<>摇滚唐人街 电影《唐人街探案2》推广曲>的数据成功

2018-03-27 15:21:59,710 INFO     tianhuijie 添加mvName为<<>BIG SHOW 官方版>的数据成功

2018-03-27 15:21:59,710 INFO     tianhuijie 添加mvName为<<>少年志 电视剧《三国机密之潜龙在渊》片尾曲>的数据成功

2018-03-27 15:21:59,710 INFO     tianhuijie 添加mvName为<<>漩涡 官方版>的数据成功

2018-03-27 15:21:59,710 INFO     tianhuijie 添加mvName为<<>喜欢 官方版>的数据成功

2018-03-27 15:21:59,710 INFO     tianhuijie 添加mvName为<<>Life’s a Struggle 官方版>的数据成功

2018-03-27 15:21:59,710 INFO     tianhuijie 添加mvName为<<>郭源潮 官方版>的数据成功

2018-03-27 15:21:59,710 INFO     tianhuijie 添加mvName为<<因为遇见你2018版 电影《遇见你真好》片尾曲>>的MV到mvTopList.txt...

2018-03-27 15:21:59,710 INFO     tianhuijie 添加mvName为<<橙色天空 官方版>>的MV到mvTopList.txt...

2018-03-27 15:21:59,710 INFO     tianhuijie 添加mvName为<<屋顶着火 舞蹈版>>的MV到mvTopList.txt...

2018-03-27 15:21:59,710 INFO     tianhuijie 添加mvName为<<将军令 官方版>>的MV到mvTopList.txt...

2018-03-27 15:21:59,710 INFO     tianhuijie 添加mvName为<<千金小姐 官方版>>的MV到mvTopList.txt...

2018-03-27 15:21:59,710 INFO     tianhuijie 添加mvName为<<如歌 电视剧《烈火如歌》主题曲>>的MV到mvTopList.txt...

2018-03-27 15:21:59,710 INFO     tianhuijie 添加mvName为<<听雪 电视剧《烈火如歌》主题曲>>的MV到mvTopList.txt...

2018-03-27 15:21:59,710 INFO     tianhuijie 添加mvName为<<不染 电视剧《香蜜沉沉烬如霜》主题曲>>的MV到mvTopList.txt...

2018-03-27 15:21:59,710 INFO     tianhuijie 添加mvName为<<我得先走 官方版>>的MV到mvTopList.txt...

2018-03-27 15:21:59,710 INFO     tianhuijie 添加mvName为<<和你在一起 电影《奇葩朵朵》推广曲>>的MV到mvTopList.txt...

2018-03-27 15:21:59,710 INFO     tianhuijie 添加mvName为<<一笑荒唐 电视剧《烈火如歌》主题曲>>的MV到mvTopList.txt...

2018-03-27 15:21:59,726 INFO     tianhuijie 添加mvName为<<Live Your Life 官方版>>的MV到mvTopList.txt...

2018-03-27 15:21:59,726 INFO     tianhuijie 添加mvName为<<漂亮重要吗 电影《祖宗十九代》主题曲>>的MV到mvTopList.txt...

2018-03-27 15:21:59,726 INFO     tianhuijie 添加mvName为<<摇滚唐人街 电影《唐人街探案2》推广曲>>的MV到mvTopList.txt...

2018-03-27 15:21:59,726 INFO     tianhuijie 添加mvName为<<BIG SHOW 官方版>>的MV到mvTopList.txt...

2018-03-27 15:21:59,726 INFO     tianhuijie 添加mvName为<<少年志 电视剧《三国机密之潜龙在渊》片尾曲>>的MV到mvTopList.txt...

2018-03-27 15:21:59,726 INFO     tianhuijie 添加mvName为<<漩涡 官方版>>的MV到mvTopList.txt...

2018-03-27 15:21:59,726 INFO     tianhuijie 添加mvName为<<喜欢 官方版>>的MV到mvTopList.txt...

2018-03-27 15:21:59,726 INFO     tianhuijie 添加mvName为<<Life’s a Struggle 官方版>>的MV到mvTopList.txt...

2018-03-27 15:21:59,726 INFO     tianhuijie 添加mvName为<<郭源潮 官方版>>的MV到mvTopList.txt...

2018-03-27 15:22:01,444 INFO     tianhuijie Python 返回URL:http://vchart.yinyuetai.com/vchart/trends?area=ML&page=2 数据成功

2018-03-27 15:22:01,539 INFO     tianhuijie 添加mvName为<<>世上只有爸爸好 电影《熊出没·变形记》片尾曲>的数据成功

2018-03-27 15:22:01,539 INFO     tianhuijie 添加mvName为<<>不许离开我 电影《南极之恋》推广曲>的数据成功

2018-03-27 15:22:01,539 INFO     tianhuijie 添加mvName为<<>很久以后 电视剧《单恋大作战》片尾曲>的数据成功

2018-03-27 15:22:01,539 INFO     tianhuijie 添加mvName为<<>像小时候一样 电影《熊出没·变形记》主题曲>的数据成功

2018-03-27 15:22:01,539 INFO     tianhuijie 添加mvName为<<>Understand 官方版>的数据成功

2018-03-27 15:22:01,539 INFO     tianhuijie 添加mvName为<<>这个年纪  官方版>的数据成功

2018-03-27 15:22:01,539 INFO     tianhuijie 添加mvName为<<>疯马 官方版>的数据成功

2018-03-27 15:22:01,539 INFO     tianhuijie 添加mvName为<<>死里复活 官方版>的数据成功

2018-03-27 15:22:01,553 INFO     tianhuijie 添加mvName为<<>生命之花 官方版>的数据成功

2018-03-27 15:22:01,553 INFO     tianhuijie 添加mvName为<<>谁 官方版>的数据成功

2018-03-27 15:22:01,553 INFO     tianhuijie 添加mvName为<<>I Need Love 官方版>的数据成功

2018-03-27 15:22:01,553 INFO     tianhuijie 添加mvName为<<>恭喜发财歌 官方版>的数据成功

2018-03-27 15:22:01,553 INFO     tianhuijie 添加mvName为<<>Thunder to the Ground 电影《妈妈咪鸭》主题曲>的数据成功

2018-03-27 15:22:01,553 INFO     tianhuijie 添加mvName为<<>hello.goodbye 官方版>的数据成功

2018-03-27 15:22:01,553 INFO     tianhuijie 添加mvName为<<>崎途 电影《神秘巨星》推广曲>的数据成功

2018-03-27 15:22:01,553 INFO     tianhuijie 添加mvName为<<>No Way 官方版>的数据成功

2018-03-27 15:22:01,553 INFO     tianhuijie 添加mvName为<<>彩虹魔法 电影《小马宝莉大电影》主题曲>的数据成功

2018-03-27 15:22:01,553 INFO     tianhuijie 添加mvName为<<>爱情真理 官方版>的数据成功

2018-03-27 15:22:01,553 INFO     tianhuijie 添加mvName为<<>爱超给电 官方版>的数据成功

2018-03-27 15:22:01,553 INFO     tianhuijie 添加mvName为<<因为遇见你2018版 电影《遇见你真好》片尾曲>>的MV到mvTopList.txt...

2018-03-27 15:22:01,553 INFO     tianhuijie 添加mvName为<<橙色天空 官方版>>的MV到mvTopList.txt...

2018-03-27 15:22:01,553 INFO     tianhuijie 添加mvName为<<屋顶着火 舞蹈版>>的MV到mvTopList.txt...

2018-03-27 15:22:01,553 INFO     tianhuijie 添加mvName为<<将军令 官方版>>的MV到mvTopList.txt...

2018-03-27 15:22:01,553 INFO     tianhuijie 添加mvName为<<千金小姐 官方版>>的MV到mvTopList.txt...

2018-03-27 15:22:01,553 INFO     tianhuijie 添加mvName为<<如歌 电视剧《烈火如歌》主题曲>>的MV到mvTopList.txt...

2018-03-27 15:22:01,553 INFO     tianhuijie 添加mvName为<<听雪 电视剧《烈火如歌》主题曲>>的MV到mvTopList.txt...

2018-03-27 15:22:01,553 INFO     tianhuijie 添加mvName为<<不染 电视剧《香蜜沉沉烬如霜》主题曲>>的MV到mvTopList.txt...

2018-03-27 15:22:01,553 INFO     tianhuijie 添加mvName为<<我得先走 官方版>>的MV到mvTopList.txt...

2018-03-27 15:22:01,553 INFO     tianhuijie 添加mvName为<<和你在一起 电影《奇葩朵朵》推广曲>>的MV到mvTopList.txt...

2018-03-27 15:22:01,553 INFO     tianhuijie 添加mvName为<<一笑荒唐 电视剧《烈火如歌》主题曲>>的MV到mvTopList.txt...

2018-03-27 15:22:01,553 INFO     tianhuijie 添加mvName为<<Live Your Life 官方版>>的MV到mvTopList.txt...

2018-03-27 15:22:01,553 INFO     tianhuijie 添加mvName为<<漂亮重要吗 电影《祖宗十九代》主题曲>>的MV到mvTopList.txt...

2018-03-27 15:22:01,553 INFO     tianhuijie 添加mvName为<<摇滚唐人街 电影《唐人街探案2》推广曲>>的MV到mvTopList.txt...

2018-03-27 15:22:01,553 INFO     tianhuijie 添加mvName为<<BIG SHOW 官方版>>的MV到mvTopList.txt...

2018-03-27 15:22:01,553 INFO     tianhuijie 添加mvName为<<少年志 电视剧《三国机密之潜龙在渊》片尾曲>>的MV到mvTopList.txt...

2018-03-27 15:22:01,553 INFO     tianhuijie 添加mvName为<<漩涡 官方版>>的MV到mvTopList.txt...

2018-03-27 15:22:01,553 INFO     tianhuijie 添加mvName为<<喜欢 官方版>>的MV到mvTopList.txt...

2018-03-27 15:22:01,553 INFO     tianhuijie 添加mvName为<<Life’s a Struggle 官方版>>的MV到mvTopList.txt...

2018-03-27 15:22:01,569 INFO     tianhuijie 添加mvName为<<郭源潮 官方版>>的MV到mvTopList.txt...

2018-03-27 15:22:01,569 INFO     tianhuijie 添加mvName为<<世上只有爸爸好 电影《熊出没·变形记》片尾曲>>的MV到mvTopList.txt...

2018-03-27 15:22:01,569 INFO     tianhuijie 添加mvName为<<不许离开我 电影《南极之恋》推广曲>>的MV到mvTopList.txt...

2018-03-27 15:22:01,569 INFO     tianhuijie 添加mvName为<<很久以后 电视剧《单恋大作战》片尾曲>>的MV到mvTopList.txt...

2018-03-27 15:22:01,569 INFO     tianhuijie 添加mvName为<<像小时候一样 电影《熊出没·变形记》主题曲>>的MV到mvTopList.txt...

2018-03-27 15:22:01,569 INFO     tianhuijie 添加mvName为<<Understand 官方版>>的MV到mvTopList.txt...

2018-03-27 15:22:01,569 INFO     tianhuijie 添加mvName为<<这个年纪  官方版>>的MV到mvTopList.txt...

2018-03-27 15:22:01,569 INFO     tianhuijie 添加mvName为<<疯马 官方版>>的MV到mvTopList.txt...

2018-03-27 15:22:01,569 INFO     tianhuijie 添加mvName为<<死里复活 官方版>>的MV到mvTopList.txt...

2018-03-27 15:22:01,569 INFO     tianhuijie 添加mvName为<<生命之花 官方版>>的MV到mvTopList.txt...

2018-03-27 15:22:01,569 INFO     tianhuijie 添加mvName为<<谁 官方版>>的MV到mvTopList.txt...

2018-03-27 15:22:01,569 INFO     tianhuijie 添加mvName为<<I Need Love 官方版>>的MV到mvTopList.txt...

2018-03-27 15:22:01,569 INFO     tianhuijie 添加mvName为<<恭喜发财歌 官方版>>的MV到mvTopList.txt...

2018-03-27 15:22:01,569 INFO     tianhuijie 添加mvName为<<Thunder to the Ground 电影《妈妈咪鸭》主题曲>>的MV到mvTopList.txt...

2018-03-27 15:22:01,569 INFO     tianhuijie 添加mvName为<<hello.goodbye 官方版>>的MV到mvTopList.txt...

2018-03-27 15:22:01,569 INFO     tianhuijie 添加mvName为<<崎途 电影《神秘巨星》推广曲>>的MV到mvTopList.txt...

2018-03-27 15:22:01,569 INFO     tianhuijie 添加mvName为<<No Way 官方版>>的MV到mvTopList.txt...

2018-03-27 15:22:01,569 INFO     tianhuijie 添加mvName为<<彩虹魔法 电影《小马宝莉大电影》主题曲>>的MV到mvTopList.txt...

2018-03-27 15:22:01,569 INFO     tianhuijie 添加mvName为<<爱情真理 官方版>>的MV到mvTopList.txt...

2018-03-27 15:22:01,569 INFO     tianhuijie 添加mvName为<<爱超给电 官方版>>的MV到mvTopList.txt...

2018-03-27 15:22:02,872 INFO     tianhuijie Python 返回URL:http://vchart.yinyuetai.com/vchart/trends?area=ML&page=3 数据成功

2018-03-27 15:22:02,967 INFO     tianhuijie 添加mvName为<<因为遇见你2018版 电影《遇见你真好》片尾曲>>的MV到mvTopList.txt...

2018-03-27 15:22:02,967 INFO     tianhuijie 添加mvName为<<橙色天空 官方版>>的MV到mvTopList.txt...

2018-03-27 15:22:02,967 INFO     tianhuijie 添加mvName为<<屋顶着火 舞蹈版>>的MV到mvTopList.txt...

2018-03-27 15:22:02,967 INFO     tianhuijie 添加mvName为<<将军令 官方版>>的MV到mvTopList.txt...

2018-03-27 15:22:02,967 INFO     tianhuijie 添加mvName为<<千金小姐 官方版>>的MV到mvTopList.txt...

2018-03-27 15:22:02,967 INFO     tianhuijie 添加mvName为<<如歌 电视剧《烈火如歌》主题曲>>的MV到mvTopList.txt...

2018-03-27 15:22:02,967 INFO     tianhuijie 添加mvName为<<听雪 电视剧《烈火如歌》主题曲>>的MV到mvTopList.txt...

2018-03-27 15:22:02,967 INFO     tianhuijie 添加mvName为<<不染 电视剧《香蜜沉沉烬如霜》主题曲>>的MV到mvTopList.txt...

2018-03-27 15:22:02,982 INFO     tianhuijie 添加mvName为<<我得先走 官方版>>的MV到mvTopList.txt...

2018-03-27 15:22:02,982 INFO     tianhuijie 添加mvName为<<和你在一起 电影《奇葩朵朵》推广曲>>的MV到mvTopList.txt...

2018-03-27 15:22:02,982 INFO     tianhuijie 添加mvName为<<一笑荒唐 电视剧《烈火如歌》主题曲>>的MV到mvTopList.txt...

2018-03-27 15:22:02,982 INFO     tianhuijie 添加mvName为<<Live Your Life 官方版>>的MV到mvTopList.txt...

2018-03-27 15:22:02,982 INFO     tianhuijie 添加mvName为<<漂亮重要吗 电影《祖宗十九代》主题曲>>的MV到mvTopList.txt...

2018-03-27 15:22:02,982 INFO     tianhuijie 添加mvName为<<摇滚唐人街 电影《唐人街探案2》推广曲>>的MV到mvTopList.txt...

2018-03-27 15:22:02,982 INFO     tianhuijie 添加mvName为<<BIG SHOW 官方版>>的MV到mvTopList.txt...

2018-03-27 15:22:02,982 INFO     tianhuijie 添加mvName为<<少年志 电视剧《三国机密之潜龙在渊》片尾曲>>的MV到mvTopList.txt...

2018-03-27 15:22:02,982 INFO     tianhuijie 添加mvName为<<漩涡 官方版>>的MV到mvTopList.txt...

2018-03-27 15:22:02,982 INFO     tianhuijie 添加mvName为<<喜欢 官方版>>的MV到mvTopList.txt...

2018-03-27 15:22:02,982 INFO     tianhuijie 添加mvName为<<Life’s a Struggle 官方版>>的MV到mvTopList.txt...

2018-03-27 15:22:02,982 INFO     tianhuijie 添加mvName为<<郭源潮 官方版>>的MV到mvTopList.txt...

2018-03-27 15:22:02,982 INFO     tianhuijie 添加mvName为<<世上只有爸爸好 电影《熊出没·变形记》片尾曲>>的MV到mvTopList.txt...

2018-03-27 15:22:02,982 INFO     tianhuijie 添加mvName为<<不许离开我 电影《南极之恋》推广曲>>的MV到mvTopList.txt...

2018-03-27 15:22:02,982 INFO     tianhuijie 添加mvName为<<很久以后 电视剧《单恋大作战》片尾曲>>的MV到mvTopList.txt...

2018-03-27 15:22:02,982 INFO     tianhuijie 添加mvName为<<像小时候一样 电影《熊出没·变形记》主题曲>>的MV到mvTopList.txt...

2018-03-27 15:22:02,982 INFO     tianhuijie 添加mvName为<<Understand 官方版>>的MV到mvTopList.txt...

2018-03-27 15:22:02,982 INFO     tianhuijie 添加mvName为<<这个年纪  官方版>>的MV到mvTopList.txt...

2018-03-27 15:22:02,982 INFO     tianhuijie 添加mvName为<<疯马 官方版>>的MV到mvTopList.txt...

2018-03-27 15:22:02,982 INFO     tianhuijie 添加mvName为<<死里复活 官方版>>的MV到mvTopList.txt...

2018-03-27 15:22:02,982 INFO     tianhuijie 添加mvName为<<生命之花 官方版>>的MV到mvTopList.txt...

2018-03-27 15:22:02,982 INFO     tianhuijie 添加mvName为<<谁 官方版>>的MV到mvTopList.txt...

2018-03-27 15:22:02,982 INFO     tianhuijie 添加mvName为<<I Need Love 官方版>>的MV到mvTopList.txt...

2018-03-27 15:22:02,997 INFO     tianhuijie 添加mvName为<<恭喜发财歌 官方版>>的MV到mvTopList.txt...

2018-03-27 15:22:02,997 INFO     tianhuijie 添加mvName为<<Thunder to the Ground 电影《妈妈咪鸭》主题曲>>的MV到mvTopList.txt...

2018-03-27 15:22:02,997 INFO     tianhuijie 添加mvName为<<hello.goodbye 官方版>>的MV到mvTopList.txt...

2018-03-27 15:22:02,997 INFO     tianhuijie 添加mvName为<<崎途 电影《神秘巨星》推广曲>>的MV到mvTopList.txt...

2018-03-27 15:22:02,997 INFO     tianhuijie 添加mvName为<<No Way 官方版>>的MV到mvTopList.txt...

2018-03-27 15:22:02,997 INFO     tianhuijie 添加mvName为<<彩虹魔法 电影《小马宝莉大电影》主题曲>>的MV到mvTopList.txt...

2018-03-27 15:22:02,997 INFO     tianhuijie 添加mvName为<<爱情真理 官方版>>的MV到mvTopList.txt...

2018-03-27 15:22:02,997 INFO     tianhuijie 添加mvName为<<爱超给电 官方版>>的MV到mvTopList.txt...

2018-03-27 15:22:02,997 INFO     tianhuijie 添加URL：http://vchart.yinyuetai.com/vchart/trends?area=HT&page=1 到URLS

2018-03-27 15:22:02,997 INFO     tianhuijie 添加URL：http://vchart.yinyuetai.com/vchart/trends?area=HT&page=2 到URLS

2018-03-27 15:22:02,997 INFO     tianhuijie 添加URL：http://vchart.yinyuetai.com/vchart/trends?area=HT&page=3 到URLS

2018-03-27 15:22:03,138 ERROR    tianhuijie Python 返回URL：http://vchart.yinyuetai.com/vchart/trends?area=HT&page=1 数据失败

2018-03-27 15:22:03,247 ERROR    tianhuijie Python 返回URL：http://vchart.yinyuetai.com/vchart/trends?area=HT&page=2 数据失败

2018-03-27 15:22:04,367 ERROR    tianhuijie Python 返回URL：http://vchart.yinyuetai.com/vchart/trends?area=HT&page=3 数据失败

2018-03-27 15:22:04,367 INFO     tianhuijie 添加URL：http://vchart.yinyuetai.com/vchart/trends?area=US&page=1 到URLS

2018-03-27 15:22:04,367 INFO     tianhuijie 添加URL：http://vchart.yinyuetai.com/vchart/trends?area=US&page=2 到URLS

2018-03-27 15:22:04,367 INFO     tianhuijie 添加URL：http://vchart.yinyuetai.com/vchart/trends?area=US&page=3 到URLS

2018-03-27 15:22:25,385 ERROR    tianhuijie Python 返回URL：http://vchart.yinyuetai.com/vchart/trends?area=US&page=1 数据失败

2018-03-27 15:22:25,480 ERROR    tianhuijie Python 返回URL：http://vchart.yinyuetai.com/vchart/trends?area=US&page=2 数据失败

2018-03-27 15:22:46,509 ERROR    tianhuijie Python 返回URL：http://vchart.yinyuetai.com/vchart/trends?area=US&page=3 数据失败

2018-03-27 15:22:46,509 INFO     tianhuijie 添加URL：http://vchart.yinyuetai.com/vchart/trends?area=KR&page=1 到URLS

2018-03-27 15:22:46,509 INFO     tianhuijie 添加URL：http://vchart.yinyuetai.com/vchart/trends?area=KR&page=2 到URLS

2018-03-27 15:22:46,509 INFO     tianhuijie 添加URL：http://vchart.yinyuetai.com/vchart/trends?area=KR&page=3 到URLS

2018-03-27 15:23:07,523 ERROR    tianhuijie Python 返回URL：http://vchart.yinyuetai.com/vchart/trends?area=KR&page=1 数据失败

2018-03-27 15:23:09,132 INFO     tianhuijie Python 返回URL:http://vchart.yinyuetai.com/vchart/trends?area=KR&page=2 数据成功

2018-03-27 15:23:09,210 INFO     tianhuijie 添加mvName为<<>Star Wind Flower Sun>的数据成功

2018-03-27 15:23:09,210 INFO     tianhuijie 添加mvName为<<>CANDYLAND>的数据成功

2018-03-27 15:23:09,226 INFO     tianhuijie 添加mvName为<<>Airplane>的数据成功

2018-03-27 15:23:09,226 INFO     tianhuijie 添加mvName为<<>Gorgeous>的数据成功

2018-03-27 15:23:09,226 INFO     tianhuijie 添加mvName为<<>I JUST>的数据成功

2018-03-27 15:23:09,226 INFO     tianhuijie 添加mvName为<<>Look  Performance Video>的数据成功

2018-03-27 15:23:09,226 INFO     tianhuijie 添加mvName为<<>To Do List>的数据成功

2018-03-27 15:23:09,226 INFO     tianhuijie 添加mvName为<<>Dinner>的数据成功

2018-03-27 15:23:09,226 INFO     tianhuijie 添加mvName为<<>Your Record>的数据成功

2018-03-27 15:23:09,226 INFO     tianhuijie 添加mvName为<<>MY STORY >的数据成功

2018-03-27 15:23:09,226 INFO     tianhuijie 添加mvName为<<>LADY>的数据成功

2018-03-27 15:23:09,226 INFO     tianhuijie 添加mvName为<<>I kicked my luck off>的数据成功

2018-03-27 15:23:09,226 INFO     tianhuijie 添加mvName为<<>POST IT (Feat.朴宰范)Above Live>的数据成功

2018-03-27 15:23:09,226 INFO     tianhuijie 添加mvName为<<>Good Morning>的数据成功

2018-03-27 15:23:09,242 INFO     tianhuijie 添加mvName为<<>Rewrite..If I Can>的数据成功

2018-03-27 15:23:09,242 INFO     tianhuijie 添加mvName为<<>I’ll Be There>的数据成功

2018-03-27 15:23:09,242 INFO     tianhuijie 添加mvName为<<>iD>的数据成功

2018-03-27 15:23:09,242 INFO     tianhuijie 添加mvName为<<>Sorry>的数据成功

2018-03-27 15:23:09,257 INFO     tianhuijie 添加mvName为<<>Day Dream>的数据成功

2018-03-27 15:23:09,257 INFO     tianhuijie 添加mvName为<<>梦见春天(冬眠) -推理的女王 OST Part.4>的数据成功

2018-03-27 15:23:09,257 INFO     tianhuijie 添加mvName为<<Star Wind Flower Sun>>的MV到mvTopList.txt...

2018-03-27 15:23:09,257 INFO     tianhuijie 添加mvName为<<CANDYLAND>>的MV到mvTopList.txt...

2018-03-27 15:23:09,257 INFO     tianhuijie 添加mvName为<<Airplane>>的MV到mvTopList.txt...

2018-03-27 15:23:09,257 INFO     tianhuijie 添加mvName为<<Gorgeous>>的MV到mvTopList.txt...

2018-03-27 15:23:09,257 INFO     tianhuijie 添加mvName为<<I JUST>>的MV到mvTopList.txt...

2018-03-27 15:23:09,257 INFO     tianhuijie 添加mvName为<<Look  Performance Video>>的MV到mvTopList.txt...

2018-03-27 15:23:09,257 INFO     tianhuijie 添加mvName为<<To Do List>>的MV到mvTopList.txt...

2018-03-27 15:23:09,257 INFO     tianhuijie 添加mvName为<<Dinner>>的MV到mvTopList.txt...

2018-03-27 15:23:09,257 INFO     tianhuijie 添加mvName为<<Your Record>>的MV到mvTopList.txt...

2018-03-27 15:23:09,257 INFO     tianhuijie 添加mvName为<<MY STORY >>的MV到mvTopList.txt...

2018-03-27 15:23:09,257 INFO     tianhuijie 添加mvName为<<LADY>>的MV到mvTopList.txt...

2018-03-27 15:23:09,257 INFO     tianhuijie 添加mvName为<<I kicked my luck off>>的MV到mvTopList.txt...

2018-03-27 15:23:09,273 INFO     tianhuijie 添加mvName为<<POST IT (Feat.朴宰范)Above Live>>的MV到mvTopList.txt...

2018-03-27 15:23:09,273 INFO     tianhuijie 添加mvName为<<Good Morning>>的MV到mvTopList.txt...

2018-03-27 15:23:09,273 INFO     tianhuijie 添加mvName为<<Rewrite..If I Can>>的MV到mvTopList.txt...

2018-03-27 15:23:09,273 INFO     tianhuijie 添加mvName为<<I’ll Be There>>的MV到mvTopList.txt...

2018-03-27 15:23:09,273 INFO     tianhuijie 添加mvName为<<iD>>的MV到mvTopList.txt...

2018-03-27 15:23:09,273 INFO     tianhuijie 添加mvName为<<Sorry>>的MV到mvTopList.txt...

2018-03-27 15:23:09,273 INFO     tianhuijie 添加mvName为<<Day Dream>>的MV到mvTopList.txt...

2018-03-27 15:23:09,273 INFO     tianhuijie 添加mvName为<<梦见春天(冬眠) -推理的女王 OST Part.4>>的MV到mvTopList.txt...

2018-03-27 15:23:09,492 ERROR    tianhuijie Python 返回URL：http://vchart.yinyuetai.com/vchart/trends?area=KR&page=3 数据失败

2018-03-27 15:23:09,492 INFO     tianhuijie 添加URL：http://vchart.yinyuetai.com/vchart/trends?area=JP&page=1 到URLS

2018-03-27 15:23:09,492 INFO     tianhuijie 添加URL：http://vchart.yinyuetai.com/vchart/trends?area=JP&page=2 到URLS

2018-03-27 15:23:09,492 INFO     tianhuijie 添加URL：http://vchart.yinyuetai.com/vchart/trends?area=JP&page=3 到URLS

2018-03-27 15:23:09,867 ERROR    tianhuijie Python 返回URL：http://vchart.yinyuetai.com/vchart/trends?area=JP&page=1 数据失败

2018-03-27 15:23:30,907 ERROR    tianhuijie Python 返回URL：http://vchart.yinyuetai.com/vchart/trends?area=JP&page=2 数据失败

2018-03-27 15:23:31,173 ERROR    tianhuijie Python 返回URL：http://vchart.yinyuetai.com/vchart/trends?area=JP&page=3 数据失败

2018-03-27 16:21:24,446 INFO     tianhuijie 添加URL：http://vchart.yinyuetai.com/vchart/trends?area=ML&page=1 到URLS

2018-03-27 16:21:24,446 INFO     tianhuijie 添加URL：http://vchart.yinyuetai.com/vchart/trends?area=ML&page=2 到URLS

2018-03-27 16:21:24,446 INFO     tianhuijie 添加URL：http://vchart.yinyuetai.com/vchart/trends?area=ML&page=3 到URLS

2018-03-27 16:21:25,631 ERROR    tianhuijie Python 返回URL：http://vchart.yinyuetai.com/vchart/trends?area=ML&page=1 数据失败

2018-03-27 16:23:42,750 INFO     tianhuijie 添加URL：http://vchart.yinyuetai.com/vchart/trends?area=ML&page=1 到URLS

2018-03-27 16:23:42,750 INFO     tianhuijie 添加URL：http://vchart.yinyuetai.com/vchart/trends?area=ML&page=2 到URLS

2018-03-27 16:23:42,750 INFO     tianhuijie 添加URL：http://vchart.yinyuetai.com/vchart/trends?area=ML&page=3 到URLS

2018-03-27 16:24:03,792 ERROR    tianhuijie Python 返回URL：http://vchart.yinyuetai.com/vchart/trends?area=ML&page=1 数据失败

2018-03-27 16:24:05,153 INFO     tianhuijie Python 返回URL:http://vchart.yinyuetai.com/vchart/trends?area=ML&page=2 数据成功

2018-03-27 16:24:12,400 INFO     tianhuijie 添加mvName为<<>世上只有爸爸好 电影《熊出没·变形记》片尾曲>的数据成功

2018-03-27 16:24:12,400 INFO     tianhuijie 添加mvName为<<>不许离开我 电影《南极之恋》推广曲>的数据成功

2018-03-27 16:24:12,400 INFO     tianhuijie 添加mvName为<<>很久以后 电视剧《单恋大作战》片尾曲>的数据成功

2018-03-27 16:24:12,415 INFO     tianhuijie 添加mvName为<<>像小时候一样 电影《熊出没·变形记》主题曲>的数据成功

2018-03-27 16:24:12,415 INFO     tianhuijie 添加mvName为<<>Understand 官方版>的数据成功

2018-03-27 16:24:12,415 INFO     tianhuijie 添加mvName为<<>这个年纪  官方版>的数据成功

2018-03-27 16:24:12,415 INFO     tianhuijie 添加mvName为<<>疯马 官方版>的数据成功

2018-03-27 16:24:12,415 INFO     tianhuijie 添加mvName为<<>死里复活 官方版>的数据成功

2018-03-27 16:24:12,415 INFO     tianhuijie 添加mvName为<<>生命之花 官方版>的数据成功

2018-03-27 16:24:12,415 INFO     tianhuijie 添加mvName为<<>I Need Love 官方版>的数据成功

2018-03-27 16:24:12,415 INFO     tianhuijie 添加mvName为<<>谁 官方版>的数据成功

2018-03-27 16:24:12,415 INFO     tianhuijie 添加mvName为<<>恭喜发财歌 官方版>的数据成功

2018-03-27 16:24:12,415 INFO     tianhuijie 添加mvName为<<>街角 官方版>的数据成功

2018-03-27 16:24:12,415 INFO     tianhuijie 添加mvName为<<>Thunder to the Ground 电影《妈妈咪鸭》主题曲>的数据成功

2018-03-27 16:24:12,430 INFO     tianhuijie 添加mvName为<<>hello.goodbye 官方版>的数据成功

2018-03-27 16:24:12,430 INFO     tianhuijie 添加mvName为<<>崎途 电影《神秘巨星》推广曲>的数据成功

2018-03-27 16:24:12,430 INFO     tianhuijie 添加mvName为<<>No Way 官方版>的数据成功

2018-03-27 16:24:12,430 INFO     tianhuijie 添加mvName为<<>彩虹魔法 电影《小马宝莉大电影》主题曲>的数据成功

2018-03-27 16:24:12,430 INFO     tianhuijie 添加mvName为<<>爱情真理 官方版>的数据成功

2018-03-27 16:24:12,430 INFO     tianhuijie 添加mvName为<<>爱超给电 官方版>的数据成功

2018-03-27 16:24:12,430 INFO     tianhuijie 添加mvName为<<世上只有爸爸好 电影《熊出没·变形记》片尾曲>>的MV到mvTopList.txt...

2018-03-27 16:24:12,430 INFO     tianhuijie 添加mvName为<<不许离开我 电影《南极之恋》推广曲>>的MV到mvTopList.txt...

2018-03-27 16:24:12,430 INFO     tianhuijie 添加mvName为<<很久以后 电视剧《单恋大作战》片尾曲>>的MV到mvTopList.txt...

2018-03-27 16:24:12,430 INFO     tianhuijie 添加mvName为<<像小时候一样 电影《熊出没·变形记》主题曲>>的MV到mvTopList.txt...

2018-03-27 16:24:12,430 INFO     tianhuijie 添加mvName为<<Understand 官方版>>的MV到mvTopList.txt...

2018-03-27 16:24:12,430 INFO     tianhuijie 添加mvName为<<这个年纪  官方版>>的MV到mvTopList.txt...

2018-03-27 16:24:12,430 INFO     tianhuijie 添加mvName为<<疯马 官方版>>的MV到mvTopList.txt...

2018-03-27 16:24:12,430 INFO     tianhuijie 添加mvName为<<死里复活 官方版>>的MV到mvTopList.txt...

2018-03-27 16:24:12,430 INFO     tianhuijie 添加mvName为<<生命之花 官方版>>的MV到mvTopList.txt...

2018-03-27 16:24:12,430 INFO     tianhuijie 添加mvName为<<I Need Love 官方版>>的MV到mvTopList.txt...

2018-03-27 16:24:12,430 INFO     tianhuijie 添加mvName为<<谁 官方版>>的MV到mvTopList.txt...

2018-03-27 16:24:12,430 INFO     tianhuijie 添加mvName为<<恭喜发财歌 官方版>>的MV到mvTopList.txt...

2018-03-27 16:24:12,430 INFO     tianhuijie 添加mvName为<<街角 官方版>>的MV到mvTopList.txt...

2018-03-27 16:24:12,430 INFO     tianhuijie 添加mvName为<<Thunder to the Ground 电影《妈妈咪鸭》主题曲>>的MV到mvTopList.txt...

2018-03-27 16:24:12,430 INFO     tianhuijie 添加mvName为<<hello.goodbye 官方版>>的MV到mvTopList.txt...

2018-03-27 16:24:12,430 INFO     tianhuijie 添加mvName为<<崎途 电影《神秘巨星》推广曲>>的MV到mvTopList.txt...

2018-03-27 16:24:12,430 INFO     tianhuijie 添加mvName为<<No Way 官方版>>的MV到mvTopList.txt...

2018-03-27 16:24:12,430 INFO     tianhuijie 添加mvName为<<彩虹魔法 电影《小马宝莉大电影》主题曲>>的MV到mvTopList.txt...

2018-03-27 16:24:12,430 INFO     tianhuijie 添加mvName为<<爱情真理 官方版>>的MV到mvTopList.txt...

2018-03-27 16:24:12,430 INFO     tianhuijie 添加mvName为<<爱超给电 官方版>>的MV到mvTopList.txt...

2018-03-27 16:25:28,721 INFO     tianhuijie 添加URL：http://vchart.yinyuetai.com/vchart/trends?area=ML&page=1 到URLS

2018-03-27 16:25:28,721 INFO     tianhuijie 添加URL：http://vchart.yinyuetai.com/vchart/trends?area=ML&page=2 到URLS

2018-03-27 16:25:28,721 INFO     tianhuijie 添加URL：http://vchart.yinyuetai.com/vchart/trends?area=ML&page=3 到URLS

2018-03-27 16:25:29,868 ERROR    tianhuijie Python 返回URL：http://vchart.yinyuetai.com/vchart/trends?area=ML&page=1 数据失败

2018-03-27 16:25:50,917 ERROR    tianhuijie Python 返回URL：http://vchart.yinyuetai.com/vchart/trends?area=ML&page=2 数据失败

2018-03-27 16:25:57,555 ERROR    tianhuijie Python 返回URL：http://vchart.yinyuetai.com/vchart/trends?area=ML&page=3 数据失败

2018-03-27 16:25:57,555 INFO     tianhuijie 添加URL：http://vchart.yinyuetai.com/vchart/trends?area=HT&page=1 到URLS

2018-03-27 16:25:57,555 INFO     tianhuijie 添加URL：http://vchart.yinyuetai.com/vchart/trends?area=HT&page=2 到URLS

2018-03-27 16:25:57,555 INFO     tianhuijie 添加URL：http://vchart.yinyuetai.com/vchart/trends?area=HT&page=3 到URLS

2018-03-27 16:25:59,401 INFO     tianhuijie Python 返回URL:http://vchart.yinyuetai.com/vchart/trends?area=HT&page=1 数据成功

2018-03-27 16:25:59,526 INFO     tianhuijie 添加mvName为<<>最想去的地方 官方版>的数据成功

2018-03-27 16:25:59,526 INFO     tianhuijie 添加mvName为<<>剪云者 官方版>的数据成功

2018-03-27 16:25:59,526 INFO     tianhuijie 添加mvName为<<>动力向前 官方版>的数据成功

2018-03-27 16:25:59,526 INFO     tianhuijie 添加mvName为<<>圣所 官方版>的数据成功

2018-03-27 16:25:59,526 INFO     tianhuijie 添加mvName为<<>爱是光 电影《花滑女王》中文主题曲>的数据成功

2018-03-27 16:25:59,526 INFO     tianhuijie 添加mvName为<<>如愿以偿 官方版>的数据成功

2018-03-27 16:25:59,526 INFO     tianhuijie 添加mvName为<<>到此为止 官方版>的数据成功

2018-03-27 16:25:59,526 INFO     tianhuijie 添加mvName为<<>Ten Reasons 官方版>的数据成功

2018-03-27 16:25:59,542 INFO     tianhuijie 添加mvName为<<>一起老去 电影《闺蜜2》主题曲>的数据成功

2018-03-27 16:25:59,542 INFO     tianhuijie 添加mvName为<<>好好听 官方版>的数据成功

2018-03-27 16:25:59,542 INFO     tianhuijie 添加mvName为<<>一步之遥 官方版>的数据成功

2018-03-27 16:25:59,542 INFO     tianhuijie 添加mvName为<<>家里 官方版>的数据成功

2018-03-27 16:25:59,542 INFO     tianhuijie 添加mvName为<<>现在不跳舞要干嘛 官方版>的数据成功

2018-03-27 16:25:59,542 INFO     tianhuijie 添加mvName为<<>洞 官方版>的数据成功

2018-03-27 16:25:59,542 INFO     tianhuijie 添加mvName为<<>什么歌 电影《捉妖记2》主题曲>的数据成功

2018-03-27 16:25:59,542 INFO     tianhuijie 添加mvName为<<>一念尘埃  电视剧《柜中美人》主题曲>的数据成功

2018-03-27 16:25:59,542 INFO     tianhuijie 添加mvName为<<>Random Day 官方版>的数据成功

2018-03-27 16:25:59,542 INFO     tianhuijie 添加mvName为<<>My Own Boss 官方版>的数据成功

2018-03-27 16:25:59,542 INFO     tianhuijie 添加mvName为<<>我知道要微笑>的数据成功

2018-03-27 16:25:59,542 INFO     tianhuijie 添加mvName为<<>戒心伤 官方版>的数据成功

2018-03-27 16:25:59,542 INFO     tianhuijie 添加mvName为<<最想去的地方 官方版>>的MV到mvTopList.txt...

2018-03-27 16:25:59,542 INFO     tianhuijie 添加mvName为<<剪云者 官方版>>的MV到mvTopList.txt...

2018-03-27 16:25:59,542 INFO     tianhuijie 添加mvName为<<动力向前 官方版>>的MV到mvTopList.txt...

2018-03-27 16:25:59,542 INFO     tianhuijie 添加mvName为<<圣所 官方版>>的MV到mvTopList.txt...

2018-03-27 16:25:59,542 INFO     tianhuijie 添加mvName为<<爱是光 电影《花滑女王》中文主题曲>>的MV到mvTopList.txt...

2018-03-27 16:25:59,542 INFO     tianhuijie 添加mvName为<<如愿以偿 官方版>>的MV到mvTopList.txt...

2018-03-27 16:25:59,542 INFO     tianhuijie 添加mvName为<<到此为止 官方版>>的MV到mvTopList.txt...

2018-03-27 16:25:59,542 INFO     tianhuijie 添加mvName为<<Ten Reasons 官方版>>的MV到mvTopList.txt...

2018-03-27 16:25:59,542 INFO     tianhuijie 添加mvName为<<一起老去 电影《闺蜜2》主题曲>>的MV到mvTopList.txt...

2018-03-27 16:25:59,558 INFO     tianhuijie 添加mvName为<<好好听 官方版>>的MV到mvTopList.txt...

2018-03-27 16:25:59,558 INFO     tianhuijie 添加mvName为<<一步之遥 官方版>>的MV到mvTopList.txt...

2018-03-27 16:25:59,558 INFO     tianhuijie 添加mvName为<<家里 官方版>>的MV到mvTopList.txt...

2018-03-27 16:25:59,558 INFO     tianhuijie 添加mvName为<<现在不跳舞要干嘛 官方版>>的MV到mvTopList.txt...

2018-03-27 16:25:59,558 INFO     tianhuijie 添加mvName为<<洞 官方版>>的MV到mvTopList.txt...

2018-03-27 16:25:59,558 INFO     tianhuijie 添加mvName为<<什么歌 电影《捉妖记2》主题曲>>的MV到mvTopList.txt...

2018-03-27 16:25:59,558 INFO     tianhuijie 添加mvName为<<一念尘埃  电视剧《柜中美人》主题曲>>的MV到mvTopList.txt...

2018-03-27 16:25:59,558 INFO     tianhuijie 添加mvName为<<Random Day 官方版>>的MV到mvTopList.txt...

2018-03-27 16:25:59,558 INFO     tianhuijie 添加mvName为<<My Own Boss 官方版>>的MV到mvTopList.txt...

2018-03-27 16:25:59,558 INFO     tianhuijie 添加mvName为<<我知道要微笑>>的MV到mvTopList.txt...

2018-03-27 16:25:59,558 INFO     tianhuijie 添加mvName为<<戒心伤 官方版>>的MV到mvTopList.txt...

2018-03-27 16:26:44,993 INFO     tianhuijie 添加URL：http://vchart.yinyuetai.com/vchart/trends?area=ML&page=1 到URLS

2018-03-27 16:26:44,993 INFO     tianhuijie 添加URL：http://vchart.yinyuetai.com/vchart/trends?area=ML&page=2 到URLS

2018-03-27 16:26:44,993 INFO     tianhuijie 添加URL：http://vchart.yinyuetai.com/vchart/trends?area=ML&page=3 到URLS

2018-03-27 16:27:06,020 ERROR    tianhuijie Python 返回URL：http://vchart.yinyuetai.com/vchart/trends?area=ML&page=1 数据失败

2018-03-27 16:27:07,220 ERROR    tianhuijie Python 返回URL：http://vchart.yinyuetai.com/vchart/trends?area=ML&page=2 数据失败

2018-03-27 16:27:12,056 INFO     tianhuijie Python 返回URL:http://vchart.yinyuetai.com/vchart/trends?area=ML&page=3 数据成功

2018-03-27 16:28:33,766 INFO     tianhuijie 添加URL：http://vchart.yinyuetai.com/vchart/trends?area=ML&page=1 到URLS

2018-03-27 16:28:33,766 INFO     tianhuijie 添加URL：http://vchart.yinyuetai.com/vchart/trends?area=ML&page=2 到URLS

2018-03-27 16:28:33,766 INFO     tianhuijie 添加URL：http://vchart.yinyuetai.com/vchart/trends?area=ML&page=3 到URLS

2018-03-27 16:28:54,789 ERROR    tianhuijie Python 返回URL：http://vchart.yinyuetai.com/vchart/trends?area=ML&page=1 数据失败

2018-03-27 16:29:15,809 ERROR    tianhuijie Python 返回URL：http://vchart.yinyuetai.com/vchart/trends?area=ML&page=2 数据失败

2018-03-27 16:29:36,842 ERROR    tianhuijie Python 返回URL：http://vchart.yinyuetai.com/vchart/trends?area=ML&page=3 数据失败

2018-03-27 16:29:36,842 INFO     tianhuijie 添加URL：http://vchart.yinyuetai.com/vchart/trends?area=HT&page=1 到URLS

2018-03-27 16:29:36,842 INFO     tianhuijie 添加URL：http://vchart.yinyuetai.com/vchart/trends?area=HT&page=2 到URLS

2018-03-27 16:29:36,842 INFO     tianhuijie 添加URL：http://vchart.yinyuetai.com/vchart/trends?area=HT&page=3 到URLS

2018-03-27 16:29:57,882 ERROR    tianhuijie Python 返回URL：http://vchart.yinyuetai.com/vchart/trends?area=HT&page=1 数据失败

2018-03-27 16:29:59,072 ERROR    tianhuijie Python 返回URL：http://vchart.yinyuetai.com/vchart/trends?area=HT&page=2 数据失败

2018-03-27 16:30:20,091 ERROR    tianhuijie Python 返回URL：http://vchart.yinyuetai.com/vchart/trends?area=HT&page=3 数据失败

2018-03-27 16:30:20,091 INFO     tianhuijie 添加URL：http://vchart.yinyuetai.com/vchart/trends?area=US&page=1 到URLS

2018-03-27 16:30:20,092 INFO     tianhuijie 添加URL：http://vchart.yinyuetai.com/vchart/trends?area=US&page=2 到URLS

2018-03-27 16:30:20,092 INFO     tianhuijie 添加URL：http://vchart.yinyuetai.com/vchart/trends?area=US&page=3 到URLS

2018-03-27 16:30:41,111 ERROR    tianhuijie Python 返回URL：http://vchart.yinyuetai.com/vchart/trends?area=US&page=1 数据失败

