1522155427722	geckodriver	INFO	geckodriver 0.20.0
1522155427735	geckodriver	INFO	Listening on 127.0.0.1:61487
1522155430744	mozrunner::runner	INFO	Running command: "C:\\Program Files\\Firefox Developer Edition\\firefox.exe" "-marionette" "-profile" "C:\\Users\\TIANHU~1\\AppData\\Local\\Temp\\rust_mozprofile.BR9mHAwp2rMu"
Unable to read VR Path Registry from C:\Users\tianhuijie\AppData\Local\openvr\openvrpaths.vrpath
Unable to read VR Path Registry from C:\Users\tianhuijie\AppData\Local\openvr\openvrpaths.vrpath
Unable to read VR Path Registry from C:\Users\tianhuijie\AppData\Local\openvr\openvrpaths.vrpath
Unable to read VR Path Registry from C:\Users\tianhuijie\AppData\Local\openvr\openvrpaths.vrpath
Unable to read VR Path Registry from C:\Users\tianhuijie\AppData\Local\openvr\openvrpaths.vrpath
1522155433462	Marionette	INFO	Listening on port 61495
1522155433893	Marionette	WARN	TLS certificate errors will be ignored for this session
JavaScript warning: http://dps.wtdtjs.com:8085/js/c/cm.js, line 1: unreachable code after return statement
JavaScript warning: http://dps.wtdtjs.com:8085/js/c/cm.js, line 1: unreachable code after return statement
JavaScript warning: http://dps.wtdtjs.com:8085/js/c/cm.js, line 2: unreachable code after return statement
JavaScript warning: http://dps.wtdtjs.com:8085/js/c/cm.js, line 2: unreachable code after return statement
JavaScript warning: http://dps.wtdtjs.com:8085/js/c/cm.js, line 2: unreachable code after return statement
JavaScript warning: http://dps.wtdtjs.com:8085/js/c/cm.js, line 3: unreachable code after return statement
JavaScript warning: http://dps.wtdtjs.com:8085/js/c/cm.js, line 2: unreachable code after return statement
JavaScript warning: http://dps.wtdtjs.com:8085/js/c/cm.js, line 1: unreachable code after return statement
JavaScript warning: http://jct.maptu.cn/cm.js, line 1: unreachable code after return statement
JavaScript warning: http://jct.maptu.cn/cm.js, line 1: unreachable code after return statement
JavaScript warning: http://jct.maptu.cn/cm.js, line 2: unreachable code after return statement
JavaScript warning: http://jct.maptu.cn/cm.js, line 2: unreachable code after return statement
JavaScript warning: http://jct.maptu.cn/cm.js, line 2: unreachable code after return statement
JavaScript warning: http://jct.maptu.cn/cm.js, line 3: unreachable code after return statement
JavaScript warning: http://xz-development.oss-cn-beijing.aliyuncs.com/cm.js, line 1: unreachable code after return statement
JavaScript warning: http://xz-development.oss-cn-beijing.aliyuncs.com/cm.js, line 1: unreachable code after return statement
JavaScript warning: http://xz-development.oss-cn-beijing.aliyuncs.com/cm.js, line 2: unreachable code after return statement
JavaScript warning: http://xz-development.oss-cn-beijing.aliyuncs.com/cm.js, line 2: unreachable code after return statement
JavaScript warning: http://xz-development.oss-cn-beijing.aliyuncs.com/cm.js, line 2: unreachable code after return statement
JavaScript warning: http://xz-development.oss-cn-beijing.aliyuncs.com/cm.js, line 1: unreachable code after return statement
[Parent 10508, Gecko_IOThread] WARNING: pipe error: 109: file z:/build/build/src/ipc/chromium/src/chrome/common/ipc_channel_win.cc, line 346
[Child 8660, Chrome_ChildThread] WARNING: pipe error: 109: file z:/build/build/src/ipc/chromium/src/chrome/common/ipc_channel_win.cc, line 346
[Child 8660, Chrome_ChildThread] WARNI[Child 8908, Chrome_ChildThread] WARNING: pipe error: 109: file z:/build/build/src/ipc/chromium/src/chrome/common/ipc_channel_win.cc, line 346
[Child 8908, Chrome_ChildThread] WARNI[Parent 10508, Gecko_IOThread] WARNING: pipe error: 109: file z:/build/build/src/ipc/chromium/src/chrome/common/ipc_channel_win.cc, line 346
*** UTM:SVC TimerManager:registerTimer called after profile-before-change notification. Ignoring timer registration for id: telemetry_modules_ping

###!!! [Child][MessageChannel::SendAndWait] Error: Channel error: cannot send/recv

