2018-03-27 17:56:26,697 INFO     tianhuijie beging run spider module

2018-03-27 17:56:26,697 INFO     tianhuijie begin use mechanize module get response

2018-03-27 17:56:58,022 INFO     tianhuijie beging run spider module

2018-03-27 17:56:58,022 INFO     tianhuijie begin use mechanize module get response

2018-03-27 17:56:58,516 INFO     tianhuijie beging run piplines module

2018-03-27 17:56:58,516 INFO     tianhuijie 寻找属于你的2017年度MV独家回忆 （2018-03-17 08:05:46）

2018-03-27 17:57:15,598 INFO     tianhuijie beging run spider module

2018-03-27 17:57:15,598 INFO     tianhuijie begin use mechanize module get response

2018-03-27 17:57:15,894 INFO     tianhuijie beging run piplines module

2018-03-27 17:57:15,894 INFO     tianhuijie 寻找属于你的2017年度MV独家回忆 （2018-03-17 08:05:46）

2018-03-27 17:57:15,894 INFO     tianhuijie 还记得台哥陪伴了你多少天吗？寻找属于你的2017年度MV独家回忆，和台哥一起开始时光旅行吧！戳这里：http://feature.yinyuetai.com/year2017

2018-03-27 17:57:15,894 INFO     tianhuijie 新春祝福，爱豆送暖心红包啦 （2018-02-14 21:12:17）

2018-03-27 17:57:15,894 INFO     tianhuijie 2018一定要旺！你的爱豆在音悦Tai送红包啦，快来领取！活动链接：http://feature.yinyuetai.com/newyear

2018-03-27 17:57:15,894 INFO     tianhuijie 音悦台有奖小调查 （2018-01-18 17:14:10）

2018-03-27 17:57:15,894 INFO     tianhuijie 亲爱的悦友们大家好，音悦台目前正在进行用户问卷调查，您有任何想法或是吐槽都可以通过链接：https://www.wenjuan.in/s/InIvumF/ 反馈给我们哦。完成问卷调查的用户有机会获得音悦台vip会员、限量周边、专辑等精彩好礼！感谢您让娱乐更美好！

2018-03-27 17:57:15,894 INFO     tianhuijie 【公告】2018年音悦V榜打榜规则调整 （2018-01-12 17:34:21）

2018-03-27 17:57:15,941 INFO     tianhuijie 根据2017年音悦V榜运营情况,现针对榜单规则及权重进行如下调整:
1.打榜周期修改为8周
2.新增“音悦V榜总榜”榜单
3.将站内完整播放与站外完整播放两项数据进行合并,统一更名为“PC端完整播放“
4.榜单各项数据占比调整:
5.调整新上榜MV的打榜权重
6.打榜助手应援力的相应调整
详情连接：http://www.yinyuetai.com/fanclub/topic-detail/769607

2018-03-27 17:57:15,941 INFO     tianhuijie 【公告】新增视频投稿渠道 （2017-09-15 13:22:43）

2018-03-27 17:57:15,941 INFO     tianhuijie 台哥与视频兔兔达成合作，今日起，视频可通过视频兔兔进行投稿。
视频兔兔支持多个短视频主流平台；多平台一键上传，定时发布，实时审核；全网数据统计，多重环比，整合分析；
传送门：http://www.videototo.com/

2018-03-27 17:57:15,941 INFO     tianhuijie 七夕约惠 为爱放价 （2017-08-28 11:38:02）

2018-03-27 17:57:15,941 INFO     tianhuijie 音悦会员七夕惊爆价，首月仅需￥5.20，还能参加活动抽取明星周边，仅限七夕当天。点我抢甜蜜大礼：http://vip.yinyuetai.com

2018-03-27 17:57:15,941 INFO     tianhuijie 加入音悦会员，送等值大奖 （2017-07-28 17:12:52）

2018-03-27 17:57:15,941 INFO     tianhuijie 现在买会员就送等值大奖！邀请好友加入会员，更能免费兑换价值200元奖品！加入音悦会员，专享海量超清MV，快来一起为爱豆助力吧！活动链接：http://vip.yinyuetai.com/

2018-03-27 17:57:15,941 INFO     tianhuijie 打开音悦台APP，为偶像争夺地标和荣耀！ （2017-06-27 16:02:32）

2018-03-27 17:57:15,941 INFO     tianhuijie 2017年“728粉丝节”全球地标争夺战全线开启！打开音悦台APP，点击首屏滚动图，争夺全球72+8个城市核心地标广告，真正向全世界安利你的偶像！如果无法游戏，请在手机浏览器中打开活动链接：http://fanfestival.yinyuetai.com/y2017 。还等什么？现在就为偶像争夺地标和荣耀吧！

2018-03-27 17:57:15,941 INFO     tianhuijie 2017年“728粉丝节”全球地标争夺战今天正式开启 （2017-06-26 12:00:57）

2018-03-27 17:57:15,941 INFO     tianhuijie 2017年“728粉丝节”全球地标争夺战今天正式开启，全球72+8个城市核心地标广告，真正向全世界安利你的偶像，更有福布斯中国加入，联合发布《全球偶像中国人气报告》，鉴证偶像人气和商业价值，还等什么？现在就为偶像争夺地标和荣耀吧！活动链：http://fanfestival.yinyuetai.com/y2017

2018-03-27 17:57:15,941 INFO     tianhuijie 积分抽奖活动开始啦，快把“老公”领回家！ （2017-05-27 17:41:23）

2018-03-27 17:57:15,941 INFO     tianhuijie 亲爱的粉丝们！积分抽奖特权活动开始啦！张艺兴、薛之谦、鹿晗、王青等众多明星周边等你领取，奖品丰富。积分越多，机会越多！猛戳http://feature.yinyuetai.com/exchange把“老公”周边带回家！【音悦台】

2018-03-27 17:57:15,941 INFO     tianhuijie 音悦台积分调整活动即将开启 （2017-05-05 14:57:21）

2018-03-27 17:57:15,941 INFO     tianhuijie 你的积分你做主！积分兑换活动火热开启，N多福利奖品超值兑换！
更有机会免费获得神秘爱豆送出每周限量大奖！积分调整活动详情请点击：http://at.yinyuetai.com/activity?id=26

2018-03-27 17:57:15,941 INFO     tianhuijie 盛典抢票活动开启 （2017-03-14 19:39:58）

2018-03-27 17:57:15,941 INFO     tianhuijie 第五届音悦V榜年度盛典门票获取途径正式上线！想去澳门近距离看偶像荣耀时刻的粉丝们赶快行动：http://vchart.yinyuetai.com/awards2017/seat

2018-03-27 17:57:15,941 INFO     tianhuijie 音悦V榜打榜助手登场！ （2016-12-07 19:09:49）

2018-03-27 17:57:15,941 INFO     tianhuijie 音悦V榜打榜助手登场！鉴于不断有用户反馈，不知道自己是否打榜成功，音悦V榜特增加了此新功能，可以查询当周的打榜记录，完成全部打榜任务还可获得应援先锋徽章。
VIP等级达到2级以上即可使用该功能。

2018-03-27 17:57:15,941 INFO     tianhuijie 音悦商城双十一，狂欢来袭！ （2016-11-09 11:48:12）

2018-03-27 17:57:15,941 INFO     tianhuijie 商城双十一活动正在火爆进行中，今年的双十一，让台哥承包你的购物车！百万礼券送不停，转盘抽奖带回家，专辑、周边、影漫、美妆各种尖货打折抢购，11.11元终极秒杀和超值推荐，双十一当天更有免单活动！快快加入音悦商城双十一的活动来吧！电脑端请戳http://shop.yinyuetai.com/double11 
手机端请戳http://shop.m.yinyuetai.com/feature/mdouble11

2018-03-27 17:57:15,941 INFO     tianhuijie 新人来袭！14:00 X玖少年团出道发布会官方直播！  （2016-09-28 08:32:06）

2018-03-27 17:57:15,941 INFO     tianhuijie 新人偶像团体“X玖少年团”正式向歌坛宣告出道，今天下午14:00快来StarTV App围观哦！ 
也可通过点击主页围观>>http://startv.yinyuetai.com/living.html?videoId=848&channelId=63

